<?xml version="1.0" encoding="UTF-8"?>
<!-- Generated by org.testng.reporters.JUnitReportReporter -->
<testsuite hostname="DESKTOP-HU2SPDA" failures="0" tests="1" name="testCases.TC001_AccountRegistrationTest" time="2.740" errors="0" timestamp="2025-05-27T13:11:19 IST" skipped="0">
  <testcase classname="testCases.TC001_AccountRegistrationTest" name="veryfy_account_registration" time="2.740"/>
  <system-out/>
</testsuite> <!-- testCases.TC001_AccountRegistrationTest -->
