<?xml version="1.0" encoding="UTF-8"?>
<!-- Generated by org.testng.reporters.JUnitReportReporter -->
<testsuite hostname="DESKTOP-HU2SPDA" failures="0" tests="1" name="testCases.TC002_LoginTest" time="1.584" errors="0" timestamp="2025-05-31T11:00:26 IST" skipped="0">
  <testcase classname="testCases.TC002_LoginTest" name="Verify_Login" time="1.584"/>
  <system-out/>
</testsuite> <!-- testCases.TC002_LoginTest -->
