<?xml version="1.0" encoding="UTF-8"?>
<!-- Generated by org.testng.reporters.JUnitReportReporter -->
<testsuite hostname="DESKTOP-HU2SPDA" failures="0" tests="1" name="testCases.TC002_LoginTest" time="2.028" errors="0" timestamp="2025-05-27T13:11:19 IST" skipped="0">
  <testcase classname="testCases.TC002_LoginTest" name="Verify_Login" time="2.028"/>
  <system-out/>
</testsuite> <!-- testCases.TC002_LoginTest -->
