<?xml version="1.0" encoding="UTF-8"?>
<!-- Generated by org.testng.reporters.JUnitReportReporter -->
<testsuite hostname="DESKTOP-HU2SPDA" failures="0" tests="1" name="testCases.test1" time="6.036" errors="0" timestamp="2025-05-22T12:33:44 IST" skipped="0">
  <testcase classname="testCases.test1" name="setup1" time="6.036"/>
  <system-out/>
</testsuite> <!-- testCases.test1 -->
