<?xml version="1.0" encoding="UTF-8"?>
<!-- Generated by org.testng.reporters.JUnitReportReporter -->
<testsuite hostname="DESKTOP-HU2SPDA" failures="0" tests="1" name="testCases.TC001_AccountRegistrationTest" time="2.178" errors="0" timestamp="2025-05-31T11:00:26 IST" skipped="0">
  <testcase classname="testCases.TC001_AccountRegistrationTest" name="veryfy_account_registration" time="2.178"/>
  <system-out/>
</testsuite> <!-- testCases.TC001_AccountRegistrationTest -->
